<?xml version="1.0" encoding="UTF-8"?>
<!-- Generated by org.testng.reporters.JUnitXMLReporter -->
<testsuite ignored="1" hostname="Junnies-MacBook-Air.local" failures="0" tests="1" name="Default test" time="43.593" errors="0" timestamp="2025-02-27T00:28:55 MYT">
  <testcase classname="automation.testsuite.Day14_btvn_Alada_EditInfo" name="LoginNewPasswordSuccessfully" time="20.45"/>
  <testcase classname="automation.testsuite.Day14_btvn_Alada_EditInfo" name="EditSuccessfully" time="0.0">
    <ignored/>
  </testcase> <!-- EditSuccessfully -->
</testsuite> <!-- Default test -->
