<?xml version="1.0" encoding="UTF-8"?>
<!-- Generated by org.testng.reporters.JUnitXMLReporter -->
<testsuite ignored="0" hostname="Junnies-MacBook-Air.local" failures="0" tests="7" name="TestProject with firefox" time="82.708" errors="0" timestamp="2025-03-23T16:18:49 MYT">
  <testcase classname="automation.testsuite.Day16_QuanLyKLV_Test" name="addKLV_successfully" time="2.245"/>
  <testcase classname="automation.testsuite.Day16_QuanLyKLV_Test" name="deleteKLV_successfully" time="1.431"/>
  <testcase classname="automation.testsuite.Day16_QuanLyKLV_Test" name="addKLV_unsuccessfully_TH1" time="1.476"/>
  <testcase classname="automation.testsuite.Day16_QuanLyKLV_Test" name="addKLV_unsuccessfully_TH2" time="1.435"/>
  <testcase classname="automation.testsuite.Day16_QuanLyKLV_Test" name="addKLV_unsuccessfully_TH3" time="1.431"/>
  <testcase classname="automation.testsuite.Day16_Alert_Test" name="pressOKButton" time="0.678"/>
  <testcase classname="automation.testsuite.Day16_Alert_Test" name="pressCancelButton" time="41.192"/>
</testsuite> <!-- TestProject with firefox -->
