<?xml version="1.0" encoding="UTF-8"?>
<!-- Generated by org.testng.reporters.JUnitXMLReporter -->
<testsuite ignored="0" hostname="Junnies-MacBook-Air.local" failures="0" tests="2" name="TestProject with MS edge" time="234.943" errors="0" timestamp="2025-03-23T18:48:05 MYT">
  <testcase classname="automation.testsuite.Day18_btvn_1" name="lienHeZalo" time="21.049"/>
  <testcase classname="automation.testsuite.Day18_btvn_2" name="lienHeMessenger" time="38.193"/>
</testsuite> <!-- TestProject with MS edge -->
