<?xml version="1.0" encoding="UTF-8"?>
<testng-results ignored="0" total="1" passed="1" failed="0" skipped="0">
  <reporter-output>
  </reporter-output>
  <suite started-at="2025-03-23T18:18:02 MYT" name="Default suite" finished-at="2025-03-23T18:19:15 MYT" duration-ms="72523">
    <groups>
    </groups>
    <test started-at="2025-03-23T18:18:02 MYT" name="Default test" finished-at="2025-03-23T18:19:15 MYT" duration-ms="72523">
      <class name="automation.testsuite.Day18_btvn_2">
        <test-method is-config="true" signature="openBrowser()[pri:0, instance:automation.testsuite.Day18_btvn_2@169e6180]" started-at="2025-03-23T18:18:02 MYT" name="openBrowser" finished-at="2025-03-23T18:18:57 MYT" duration-ms="54741" status="PASS">
          <reporter-output>
          </reporter-output>
        </test-method> <!-- openBrowser -->
        <test-method signature="lienHeMessenger()[pri:0, instance:automation.testsuite.Day18_btvn_2@169e6180]" started-at="2025-03-23T18:18:57 MYT" name="lienHeMessenger" finished-at="2025-03-23T18:19:15 MYT" duration-ms="17757" status="PASS">
          <reporter-output>
          </reporter-output>
        </test-method> <!-- lienHeMessenger -->
      </class> <!-- automation.testsuite.Day18_btvn_2 -->
    </test> <!-- Default test -->
  </suite> <!-- Default suite -->
</testng-results>
